\BOOKMARK [1][-]{section.1}{\376\377\000E\000i\000n\000l\000e\000i\000t\000u\000n\000g}{}% 1
\BOOKMARK [2][-]{subsection.1.1}{\376\377\000G\000e\000s\000a\000m\000t\000\374\000b\000e\000r\000b\000l\000i\000c\000k\000\040\000\374\000b\000e\000r\000\040\000d\000a\000s\000\040\000S\000y\000s\000t\000e\000m}{section.1}% 2
\BOOKMARK [2][-]{subsection.1.2}{\376\377\000V\000e\000r\000w\000e\000n\000d\000e\000t\000e\000\040\000H\000a\000r\000d\000w\000a\000r\000e}{section.1}% 3
\BOOKMARK [3][-]{subsubsection.1.2.1}{\376\377\000R\000a\000s\000p\000b\000e\000r\000r\000y\000\040\000P\000i}{subsection.1.2}% 4
\BOOKMARK [3][-]{subsubsection.1.2.2}{\376\377\000E\000S\000P\0008\0002\0006\0006}{subsection.1.2}% 5
\BOOKMARK [2][-]{subsection.1.3}{\376\377\000V\000e\000r\000b\000i\000n\000d\000u\000n\000g\000s\000t\000h\000e\000o\000r\000i\000e}{section.1}% 6
\BOOKMARK [3][-]{subsubsection.1.3.1}{\376\377\000M\000Q\000T\000T}{subsection.1.3}% 7
\BOOKMARK [3][-]{subsubsection.1.3.2}{\376\377\000U\000A\000R\000T}{subsection.1.3}% 8
\BOOKMARK [2][-]{subsection.1.4}{\376\377\000V\000e\000r\000w\000e\000n\000d\000e\000t\000e\000\040\000S\000o\000f\000t\000w\000a\000r\000e}{section.1}% 9
\BOOKMARK [3][-]{subsubsection.1.4.1}{\376\377\000P\000y\000h\000t\000o\000n}{subsection.1.4}% 10
\BOOKMARK [3][-]{subsubsection.1.4.2}{\376\377\000p\000a\000h\000o\000-\000m\000q\000t\000t}{subsection.1.4}% 11
\BOOKMARK [3][-]{subsubsection.1.4.3}{\376\377\000T\000e\000l\000e\000g\000r\000a\000m}{subsection.1.4}% 12
\BOOKMARK [3][-]{subsubsection.1.4.4}{\376\377\000P\000y\000h\000t\000o\000n\000-\000T\000e\000l\000e\000g\000r\000a\000m\000-\000B\000o\000t}{subsection.1.4}% 13
\BOOKMARK [1][-]{section.2}{\376\377\000R\000a\000s\000p\000b\000e\000r\000r\000y\000\040\000P\000i}{}% 14
\BOOKMARK [2][-]{subsection.2.1}{\376\377\000E\000i\000n\000r\000i\000c\000h\000t\000u\000n\000g\000\040\000a\000l\000s\000\040\000A\000c\000c\000e\000s\000s\000\040\000P\000o\000i\000n\000t}{section.2}% 15
\BOOKMARK [2][-]{subsection.2.2}{\376\377\000E\000i\000n\000r\000i\000c\000h\000t\000u\000n\000g\000\040\000d\000e\000s\000\040\000D\000N\000S\000-\000\040\000u\000n\000d\000\040\000D\000H\000C\000P\000-\000S\000e\000r\000v\000e\000r\000s}{section.2}% 16
\BOOKMARK [2][-]{subsection.2.3}{\376\377\000M\000Q\000T\000T\000-\000B\000r\000o\000k\000e\000r}{section.2}% 17
\BOOKMARK [2][-]{subsection.2.4}{\376\377\000T\000e\000l\000e\000g\000r\000a\000m\000\040\000B\000o\000t\000\040\000u\000n\000d\000\040\000P\000a\000h\000o\000-\000C\000l\000i\000e\000n\000t}{section.2}% 18
\BOOKMARK [3][-]{subsubsection.2.4.1}{\376\377\000P\000a\000h\000o\000-\000M\000Q\000T\000T}{subsection.2.4}% 19
\BOOKMARK [3][-]{subsubsection.2.4.2}{\376\377\000T\000e\000l\000e\000g\000r\000a\000m\000-\000B\000o\000t}{subsection.2.4}% 20
\BOOKMARK [1][-]{section.3}{\376\377\000E\000S\000P\0008\0002\0006\0006}{}% 21
\BOOKMARK [2][-]{subsection.3.1}{\376\377\000A\000r\000d\000u\000i\000n\000o\000-\000E\000S\000P\0008\0002\0006\0006}{section.3}% 22
\BOOKMARK [2][-]{subsection.3.2}{\376\377\000E\000S\000P\0008\0002\0006\0006\000-\000R\000a\000s\000p\000b\000e\000r\000r\000y\000\040\000P\000i}{section.3}% 23
\BOOKMARK [3][-]{subsubsection.3.2.1}{\376\377\000V\000e\000r\000b\000i\000n\000d\000u\000n\000g\000\040\000m\000i\000t\000\040\000W\000L\000A\000N}{subsection.3.2}% 24
\BOOKMARK [3][-]{subsubsection.3.2.2}{\376\377\000V\000e\000r\000b\000i\000n\000d\000u\000n\000g\000\040\000m\000i\000t\000\040\000d\000e\000m\000\040\000M\000Q\000T\000T\000-\000B\000r\000o\000k\000e\000r}{subsection.3.2}% 25
